autoscan: warning: missing AC_CHECK_FUNCS([gethostbyaddr]) wanted by: 
	libxtables/xtables.c:1191
autoscan: warning: missing AC_CHECK_FUNCS([gethostbyname]) wanted by: 
	libxtables/xtables.c:1337
autoscan: warning: missing AC_CHECK_FUNCS([gettimeofday]) wanted by: 
	utils/nfnl_osf.c:121
autoscan: warning: missing AC_CHECK_FUNCS([localtime_r]) wanted by: 
	utils/nfnl_osf.c:122
autoscan: warning: missing AC_CHECK_FUNCS([memset]) wanted by: 
	libipq/libipq.c:220
	libipq/libipq.c:237
	libipq/libipq.c:248
	libipq/libipq.c:276
	libipq/libipq.c:326
	libipq/libipq.c:330
	utils/nfnl_osf.c:279
	utils/nfnl_osf.c:293
	utils/nfnl_osf.c:378
	utils/nfnl_osf.c:419
	libxtables/xtoptions.c:122
	libxtables/xtoptions.c:526
	libxtables/xtoptions.c:531
	libxtables/xtoptions.c:733
	libxtables/xtables.c:147
	libxtables/xtables.c:509
	libxtables/xtables.c:510
	libxtables/xtables.c:521
	libxtables/xtables.c:525
	libxtables/xtables.c:1537
	libxtables/xtables.c:1630
	libxtables/xtables.c:1696
	libxtables/xtables.c:1706
	libxtables/xtables.c:1707
	libxtables/xtables.c:1712
	include/linux/netfilter/xt_sctp.h:59
	include/linux/netfilter/xt_sctp.h:62
	extensions/libxt_recent.c:127
	extensions/libxt_connlimit.c:54
	extensions/libipt_SNAT.c:76
	extensions/libxt_conntrack.c:520
	extensions/libxt_conntrack.c:546
	extensions/libxt_HMARK.c:150
	extensions/libxt_HMARK.c:154
	extensions/libxt_HMARK.c:158
	extensions/libxt_HMARK.c:163
	extensions/libxt_HMARK.c:168
	extensions/libxt_HMARK.c:172
	extensions/libxt_iprange.c:52
	extensions/libipt_DNAT.c:76
	iptables/iptables-restore.c:368
	iptables/iptables.c:726
	iptables/iptables.c:730
	iptables/iptables.c:736
	iptables/iptables.c:1311
	iptables/xshared.c:251
	iptables/ip6tables-restore.c:368
	iptables/ip6tables.c:737
	iptables/ip6tables.c:741
	iptables/ip6tables.c:747
	iptables/ip6tables.c:1311
	libiptc/libiptc.c:161
	libiptc/libiptc.c:176
	libiptc/libiptc.c:507
	libiptc/libiptc.c:1118
	libiptc/libiptc.c:1281
	libiptc/libiptc.c:1678
	libiptc/libiptc.c:1730
	libiptc/libiptc.c:2547
	libiptc/libiptc.c:2569
autoscan: warning: missing AC_CHECK_FUNCS([select]) wanted by: 
	libipq/libipq.c:153
autoscan: warning: missing AC_CHECK_FUNCS([setenv]) wanted by: 
	extensions/libxt_time.c:151
autoscan: warning: missing AC_CHECK_FUNCS([socket]) wanted by: 
	libipq/libipq.c:223
	libipq/libipq.c:225
	libxtables/xtables.c:754
	extensions/libxt_set.h:19
	iptables/xshared.c:254
	libiptc/libiptc.c:1318
autoscan: warning: missing AC_CHECK_FUNCS([strcasecmp]) wanted by: 
	libxtables/xtoptions.c:417
	extensions/libxt_tcp.c:91
	extensions/libxt_ipvs.c:80
	extensions/libxt_ipvs.c:83
	extensions/libxt_ipvs.c:92
	extensions/libxt_ipvs.c:94
	extensions/libxt_ipvs.c:96
	extensions/libxt_rateest.c:103
	extensions/libxt_dccp.c:90
	extensions/libxt_pkttype.c:68
	extensions/libxt_conntrack.c:495
	extensions/libxt_conntrack.c:498
	extensions/libxt_RATEEST.c:61
	extensions/libxt_RATEEST.c:61
	extensions/libxt_RATEEST.c:62
	extensions/libxt_RATEEST.c:64
	extensions/libxt_RATEEST.c:64
	extensions/libxt_RATEEST.c:65
	extensions/libxt_RATEEST.c:67
	extensions/libxt_RATEEST.c:67
	extensions/libxt_RATEEST.c:68
	extensions/libxt_sctp.c:171
	extensions/libxt_sctp.c:176
	extensions/libxt_sctp.c:190
	extensions/libxt_sctp.c:232
	extensions/libxt_sctp.c:234
	extensions/libxt_sctp.c:236
	extensions/libxt_AUDIT.c:35
	extensions/libxt_AUDIT.c:37
	extensions/libxt_AUDIT.c:39
autoscan: warning: missing AC_CHECK_FUNCS([strchr]) wanted by: 
	utils/nfnl_osf.c:140
	libxtables/xtoptions.c:762
	libxtables/xtoptions.c:769
	libxtables/xtables.c:551
	libxtables/xtables.c:1274
	libxtables/xtables.c:1406
	libxtables/xtables.c:1419
	libxtables/xtables.c:1726
	libxtables/xtables.c:1739
	extensions/libxt_bpf.c:62
	extensions/libipt_icmp.c:148
	extensions/libxt_tcp.c:47
	extensions/libip6t_icmp6.c:124
	extensions/libipt_SAME.c:49
	extensions/libip6t_SNAT.c:56
	extensions/libip6t_SNAT.c:60
	extensions/libip6t_SNAT.c:61
	extensions/libip6t_SNAT.c:66
	extensions/libip6t_SNAT.c:72
	extensions/libip6t_SNAT.c:89
	extensions/libip6t_SNAT.c:94
	extensions/libip6t_SNAT.c:122
	extensions/libipt_LOG.c:85
	extensions/libxt_time.c:202
	extensions/libip6t_LOG.c:85
	extensions/libipt_SNAT.c:77
	extensions/libipt_SNAT.c:93
	extensions/libipt_SNAT.c:98
	extensions/libipt_SNAT.c:126
	extensions/libxt_hashlimit.c:236
	extensions/libip6t_DNAT.c:56
	extensions/libip6t_DNAT.c:60
	extensions/libip6t_DNAT.c:61
	extensions/libip6t_DNAT.c:66
	extensions/libip6t_DNAT.c:72
	extensions/libip6t_DNAT.c:89
	extensions/libip6t_DNAT.c:94
	extensions/libip6t_DNAT.c:122
	extensions/libxt_conntrack.c:215
	extensions/libxt_conntrack.c:256
	extensions/libxt_conntrack.c:292
	extensions/libxt_conntrack.c:326
	extensions/libxt_conntrack.c:1058
	extensions/libxt_multiport.c:95
	extensions/libxt_multiport.c:120
	extensions/libxt_multiport.c:122
	extensions/libip6t_dst.c:67
	extensions/libip6t_dst.c:72
	extensions/libip6t_hbh.c:68
	extensions/libip6t_hbh.c:70
	extensions/libxt_HMARK.c:188
	extensions/libip6t_mh.c:111
	extensions/libipt_ULOG.c:65
	extensions/libxt_addrtype.c:90
	extensions/libxt_iprange.c:81
	extensions/libxt_nfacct.c:42
	extensions/libip6t_rt.c:82
	extensions/libxt_TCPOPTSTRIP.c:63
	extensions/libipt_DNAT.c:77
	extensions/libipt_DNAT.c:93
	extensions/libipt_DNAT.c:98
	extensions/libipt_DNAT.c:126
	extensions/libxt_limit.c:50
	extensions/libxt_sctp.c:74
	extensions/libxt_sctp.c:185
	extensions/libxt_sctp.c:207
	extensions/libxt_NFLOG.c:53
	iptables/iptables-restore.c:397
	iptables/iptables-xml.c:509
	iptables/iptables-xml.c:750
	iptables/iptables.c:1630
	iptables/ip6tables-restore.c:397
	iptables/ip6tables.c:1632
autoscan: warning: missing AC_CHECK_FUNCS([strdup]) wanted by: 
	libxtables/xtoptions.c:623
	libxtables/xtoptions.c:766
	libxtables/xtoptions.c:1157
	extensions/libxt_set.h:106
	extensions/libxt_set.h:132
	extensions/libxt_tcp.c:46
	extensions/libxt_tcp.c:86
	extensions/libipt_SAME.c:45
	extensions/libip6t_SNAT.c:52
	extensions/libxt_dccp.c:85
	extensions/libipt_SNAT.c:73
	extensions/libxt_hashlimit.c:301
	extensions/libip6t_DNAT.c:52
	extensions/libxt_multiport.c:90
	extensions/libxt_multiport.c:113
	extensions/libip6t_dst.c:61
	extensions/libip6t_hbh.c:63
	extensions/libip6t_mh.c:110
	extensions/libip6t_ipv6header.c:150
	extensions/libxt_iprange.c:76
	extensions/libip6t_rt.c:77
	extensions/libipt_DNAT.c:73
	extensions/libxt_sctp.c:72
	extensions/libxt_sctp.c:166
	iptables/iptables-restore.c:99
	iptables/iptables-xml.c:108
	iptables/iptables-xml.c:298
	iptables/iptables-xml.c:299
	iptables/ip6tables-restore.c:100
autoscan: warning: missing AC_CHECK_FUNCS([strerror]) wanted by: 
	libipq/libipq.c:377
	libxtables/xtables.c:315
	libxtables/xtables.c:564
	libxtables/xtables.c:654
	libxtables/xtables.c:727
	libxtables/xtables.c:766
	libxtables/xtables.c:772
	libxtables/xtables.c:793
	extensions/libxt_set.h:30
	extensions/libxt_connlabel.c:120
	extensions/libipt_realm.c:39
	extensions/libxt_devgroup.c:42
	iptables/iptables-restore.c:241
	iptables/iptables-restore.c:335
	iptables/iptables-restore.c:342
	iptables/iptables-restore.c:380
	iptables/iptables-xml.c:652
	iptables/ip6tables-restore.c:241
	iptables/ip6tables-restore.c:335
	iptables/ip6tables-restore.c:342
	iptables/ip6tables-restore.c:380
	libiptc/libiptc.c:1324
	libiptc/libiptc.c:2744
autoscan: warning: missing AC_CHECK_FUNCS([strncasecmp]) wanted by: 
	extensions/dscp_helper.c:55
	extensions/libxt_LED.c:60
	extensions/libipt_icmp.c:125
	extensions/libip6t_icmp6.c:101
	extensions/libipt_REJECT.c:101
	extensions/libipt_REJECT.c:103
	extensions/libipt_REJECT.c:109
	extensions/libipt_REJECT.c:110
	extensions/libxt_hashlimit.c:241
	extensions/libxt_hashlimit.c:243
	extensions/libxt_hashlimit.c:245
	extensions/libxt_hashlimit.c:247
	extensions/libxt_conntrack.c:191
	extensions/libxt_conntrack.c:193
	extensions/libxt_conntrack.c:195
	extensions/libxt_conntrack.c:197
	extensions/libxt_conntrack.c:199
	extensions/libxt_conntrack.c:201
	extensions/libxt_conntrack.c:203
	extensions/libxt_conntrack.c:232
	extensions/libxt_conntrack.c:234
	extensions/libxt_conntrack.c:236
	extensions/libxt_conntrack.c:238
	extensions/libxt_conntrack.c:240
	extensions/libxt_conntrack.c:242
	extensions/libxt_conntrack.c:244
	extensions/libxt_conntrack.c:270
	extensions/libxt_conntrack.c:272
	extensions/libxt_conntrack.c:274
	extensions/libxt_conntrack.c:276
	extensions/libxt_conntrack.c:279
	extensions/libxt_conntrack.c:306
	extensions/libxt_conntrack.c:308
	extensions/libxt_conntrack.c:310
	extensions/libxt_conntrack.c:312
	extensions/libxt_conntrack.c:314
	extensions/libxt_conntrack.c:1039
	extensions/libxt_conntrack.c:1041
	extensions/libxt_conntrack.c:1043
	extensions/libxt_conntrack.c:1045
	extensions/libxt_conntrack.c:1047
	extensions/libxt_HMARK.c:146
	extensions/libxt_HMARK.c:149
	extensions/libxt_HMARK.c:153
	extensions/libxt_HMARK.c:157
	extensions/libxt_HMARK.c:162
	extensions/libxt_HMARK.c:167
	extensions/libxt_HMARK.c:171
	extensions/libip6t_mh.c:86
	extensions/libxt_addrtype.c:77
	extensions/libip6t_REJECT.c:86
	extensions/libip6t_REJECT.c:88
	extensions/libxt_limit.c:55
	extensions/libxt_limit.c:57
	extensions/libxt_limit.c:59
	extensions/libxt_limit.c:61
autoscan: warning: missing AC_CHECK_FUNCS([strpbrk]) wanted by: 
	libxtables/xtables.c:1856
	libxtables/xtables.c:1857
autoscan: warning: missing AC_CHECK_FUNCS([strrchr]) wanted by: 
	libxtables/xtables.c:1430
	libxtables/xtables.c:1493
	libxtables/xtables.c:1750
	libxtables/xtables.c:1803
autoscan: warning: missing AC_CHECK_FUNCS([strspn]) wanted by: 
	libxtables/xtables.c:1844
autoscan: warning: missing AC_CHECK_FUNCS([strstr]) wanted by: 
	extensions/libxt_hashlimit.c:205
autoscan: warning: missing AC_CHECK_FUNCS([strtoul]) wanted by: 
	utils/nfnl_osf.c:215
	utils/nfnl_osf.c:217
	utils/nfnl_osf.c:232
	utils/nfnl_osf.c:234
	utils/nfnl_osf.c:302
	utils/nfnl_osf.c:306
	utils/nfnl_osf.c:310
	utils/nfnl_osf.c:314
	utils/nfnl_osf.c:317
	utils/nfnl_osf.c:320
	utils/nfnl_osf.c:328
	utils/nfnl_osf.c:334
	utils/nfnl_osf.c:340
	libxtables/xtoptions.c:791
	libxtables/xtoptions.c:797
	libxtables/xtoptions.c:1128
	extensions/libxt_time.c:100
	extensions/libxt_time.c:107
	extensions/libxt_time.c:114
	extensions/libxt_time.c:121
	extensions/libxt_time.c:128
	extensions/libxt_time.c:135
	extensions/libxt_time.c:170
	extensions/libxt_time.c:175
	extensions/libxt_time.c:182
	extensions/libxt_time.c:220
	extensions/libxt_time.c:237
	extensions/libipt_realm.c:49
	extensions/libipt_realm.c:52
	extensions/libip6t_dst.c:37
	extensions/libip6t_hbh.c:39
autoscan: warning: missing AC_CHECK_FUNCS([strtoumax]) wanted by: 
	libxtables/xtables.c:452
autoscan: warning: missing AC_CHECK_FUNCS([tzset]) wanted by: 
	extensions/libxt_time.c:152
autoscan: warning: missing AC_CHECK_FUNCS([uname]) wanted by: 
	libxtables/xtables.c:1955
autoscan: warning: missing AC_CHECK_HEADERS([arpa/inet.h]) wanted by: 
	utils/nfnl_osf.c:25
	libxtables/xtoptions.c:21
	libxtables/xtables.c:36
	extensions/libxt_dccp.c:13
	extensions/libxt_TPROXY.c:10
	extensions/libxt_udp.c:4
	extensions/libxt_TEE.c:18
	extensions/libip6t_rt.c:6
	iptables/ip6tables.c:40
	iptables/ip6tables-save.c:16
	libiptc/libip6tc.c:20
autoscan: warning: missing AC_CHECK_HEADERS([fcntl.h]) wanted by: 
	libxtables/xtables.c:21
	include/libipq/libipq.h:26
	include/libipulog/libipulog.h:8
	extensions/libxt_bpf.c:11
	extensions/libxt_set.h:5
	iptables/iptables.c:41
	iptables/iptables-save.c:11
	iptables/ip6tables.c:42
	iptables/ip6tables-save.c:11
	libiptc/libiptc.c:33
	libiptc/libiptc.c:45
autoscan: warning: missing AC_CHECK_HEADERS([limits.h]) wanted by: 
	libxtables/xtoptions.c:13
	libxtables/xtables.c:46
	include/xtables.h:11
	include/libiptc/libip6tc.h:10
	include/libiptc/ipt_kernel_headers.h:6
	include/libiptc/libiptc.h:10
	extensions/libipt_icmp.c:5
	extensions/libip6t_icmp6.c:5
	extensions/libipt_REDIRECT.c:5
	extensions/libip6t_SNAT.c:14
	extensions/libxt_TPROXY.c:7
	extensions/libipt_SNAT.c:7
	extensions/libxt_owner.c:11
	extensions/libip6t_DNAT.c:14
	extensions/libxt_multiport.c:6
	extensions/libipt_MASQUERADE.c:7
	extensions/libip6t_MASQUERADE.c:14
	extensions/libipt_DNAT.c:7
	extensions/libip6t_REDIRECT.c:12
	iptables/iptables.c:37
	iptables/ip6tables.c:37
	iptables/xshared.h:4
autoscan: warning: missing AC_CHECK_HEADERS([netdb.h]) wanted by: 
	libxtables/xtoptions.c:14
	libxtables/xtables.c:23
	extensions/libxt_connlimit.c:2
	extensions/libxt_tcp.c:4
	extensions/libip6t_SNAT.c:9
	extensions/libxt_policy.c:9
	extensions/libxt_tos.c:8
	extensions/libxt_dccp.c:12
	extensions/libipt_SNAT.c:2
	extensions/libip6t_DNAT.c:9
	extensions/libxt_multiport.c:2
	extensions/libipt_MASQUERADE.c:2
	extensions/libip6t_ipv6header.c:10
	extensions/libxt_udp.c:3
	extensions/libipt_NETMAP.c:5
	extensions/libip6t_MASQUERADE.c:9
	extensions/libxt_set.c:14
	extensions/libipt_DNAT.c:2
	extensions/libxt_SET.c:14
	extensions/libxt_sctp.c:15
	extensions/libip6t_NETMAP.c:9
	iptables/iptables.c:30
	iptables/xshared.c:3
	iptables/iptables-save.c:15
	iptables/ip6tables.c:30
	iptables/ip6tables-save.c:15
autoscan: warning: missing AC_CHECK_HEADERS([netinet/in.h]) wanted by: 
	libipq/libipq.c:35
	include/xtables.h:15
	include/libiptc/ipt_kernel_headers.h:10
	extensions/libxt_tcp.c:8
	extensions/libxt_TEE.c:20
	extensions/libxt_TOS.c:12
	extensions/libxt_sctp.c:18
	iptables/xshared.h:7
autoscan: warning: missing AC_CHECK_HEADERS([stddef.h]) wanted by: 
	include/xtables.h:13
	extensions/libxt_rateest.c:9
	extensions/libipt_CLUSTERIP.c:11
autoscan: warning: missing AC_CHECK_HEADERS([sys/socket.h]) wanted by: 
	utils/nfnl_osf.c:21
	libxtables/xtables.c:30
	include/xtables.h:9
	include/libipq/libipq.h:28
	include/libipulog/libipulog.h:10
	include/libiptc/ipt_kernel_headers.h:17
	extensions/libxt_set.h:7
	extensions/libxt_TEE.c:11
	iptables/xshared.c:9
	iptables/ip6tables.c:44
	libiptc/libiptc.c:35
autoscan: warning: missing AC_CHECK_HEADERS([sys/statfs.h]) wanted by: 
	libxtables/xtables.c:32
autoscan: warning: missing AC_CHECK_HEADERS([sys/time.h]) wanted by: 
	libipq/libipq.c:31
	utils/nfnl_osf.c:23
autoscan: warning: missing AC_CHECK_HEADERS([syslog.h]) wanted by: 
	libxtables/xtoptions.c:20
	extensions/libipt_LOG.c:3
	extensions/libip6t_LOG.c:3
autoscan: warning: missing AC_CHECK_HEADER_STDBOOL wanted by: 
	libxtables/xtoptions.c:373
	libxtables/xtoptions.c:931
	libxtables/xtoptions.c:967
	libxtables/xtables.c:337
	libxtables/xtables.c:387
	libxtables/xtables.c:403
	libxtables/xtables.c:405
	libxtables/xtables.c:439
	libxtables/xtables.c:469
	libxtables/xtables.c:473
	libxtables/xtables.c:541
	libxtables/xtables.c:875
	libxtables/xtables.c:876
	libxtables/xtables.c:1128
	libxtables/xtables.c:1259
	include/iptables.h:12
	include/xtables.h:152
	include/xtables.h:365
	include/xtables.h:422
	include/xtables.h:423
	include/xtables.h:444
	include/xtables.h:446
	include/xtables.h:534
	include/xtables.h:536
	include/ip6tables.h:11
	include/linux/netfilter/xt_sctp.h:69
	include/linux/netfilter/xt_sctp.h:81
	extensions/libxt_ipvs.c:127
	extensions/libxt_ipvs.c:158
	extensions/libxt_policy.c:265
	extensions/libxt_time.c:91
	extensions/libxt_time.c:234
	extensions/libxt_time.c:327
	extensions/libxt_owner.c:291
	extensions/libxt_owner.c:340
	extensions/libxt_owner.c:385
	extensions/libxt_hashlimit.c:200
	extensions/libxt_hashlimit.c:493
	extensions/libxt_conntrack.c:228
	extensions/libxt_conntrack.c:302
	extensions/libxt_conntrack.c:640
	extensions/libxt_conntrack.c:799
	extensions/libxt_conntrack.c:799
	extensions/tos_values.c:26
	extensions/libxt_TCPOPTSTRIP.c:104
	extensions/libxt_TCPOPTSTRIP.c:108
	extensions/libxt_devgroup.c:49
	iptables/iptables.c:783
	iptables/iptables.c:1290
	iptables/iptables.c:1299
	iptables/xshared.c:95
	iptables/xshared.c:246
	iptables/xshared.c:246
	iptables/ip6tables.c:794
	iptables/ip6tables.c:1290
	iptables/ip6tables.c:1299
	iptables/xshared.h:87
	iptables/xshared.h:87
	libiptc/libiptc.c:1959
	libxtables/xtables.c:393
	libxtables/xtables.c:395
	libxtables/xtables.c:397
	libxtables/xtables.c:399
	libxtables/xtables.c:405
	libxtables/xtables.c:451
	libxtables/xtables.c:454
	libxtables/xtables.c:466
	libxtables/xtables.c:649
	libxtables/xtables.c:680
	libxtables/xtables.c:1307
	include/linux/netfilter/xt_sctp.h:75
	include/linux/netfilter/xt_sctp.h:87
	extensions/libxt_tcp.c:34
	extensions/libxt_rateest.c:48
	extensions/libxt_rateest.c:49
	extensions/libxt_rateest.c:50
	extensions/libxt_rateest.c:51
	extensions/libxt_rateest.c:52
	extensions/libxt_rateest.c:53
	extensions/libxt_rateest.c:54
	extensions/libxt_rateest.c:55
	extensions/libxt_rateest.c:56
	extensions/libxt_rateest.c:57
	extensions/libxt_policy.c:360
	extensions/libxt_policy.c:373
	extensions/libxt_dccp.c:270
	extensions/libxt_time.c:246
	extensions/libxt_time.c:268
	extensions/libxt_time.c:430
	extensions/libxt_hashlimit.c:207
	extensions/libxt_hashlimit.c:212
	extensions/libxt_hashlimit.c:493
	extensions/libxt_conntrack.c:247
	extensions/libxt_conntrack.c:317
	extensions/libxt_conntrack.c:513
	extensions/libxt_conntrack.c:720
	extensions/libxt_conntrack.c:732
	extensions/libxt_conntrack.c:744
	extensions/libxt_conntrack.c:756
	extensions/libxt_conntrack.c:930
	extensions/libxt_conntrack.c:941
	extensions/libxt_conntrack.c:948
	extensions/libxt_conntrack.c:955
	extensions/libxt_conntrack.c:992
	extensions/libxt_conntrack.c:998
	extensions/libxt_conntrack.c:1008
	extensions/libxt_conntrack.c:1018
	extensions/tos_values.c:32
	extensions/tos_values.c:40
	extensions/libxt_TCPOPTSTRIP.c:116
	extensions/libxt_set.c:222
	extensions/libxt_set.c:309
	extensions/libxt_set.c:310
	extensions/libxt_set.c:317
	extensions/libxt_SET.c:256
	iptables/ip6tables-standalone.c:61
	iptables/iptables-restore.c:29
	iptables/iptables-restore.c:30
	iptables/iptables-restore.c:31
	iptables/iptables-restore.c:32
	iptables/iptables-restore.c:33
	iptables/iptables-restore.c:34
	iptables/iptables-restore.c:67
	iptables/iptables-standalone.c:62
	iptables/iptables.c:1299
	iptables/iptables.c:1758
	iptables/xshared.c:98
	iptables/xshared.c:264
	iptables/xshared.c:265
	iptables/iptables-save.c:27
	iptables/iptables-save.c:28
	iptables/iptables-save.c:69
	iptables/ip6tables-restore.c:32
	iptables/ip6tables-restore.c:33
	iptables/ip6tables-restore.c:34
	iptables/ip6tables-restore.c:35
	iptables/ip6tables-restore.c:36
	iptables/ip6tables-restore.c:37
	iptables/ip6tables-restore.c:67
	iptables/ip6tables.c:1299
	iptables/ip6tables.c:1753
	iptables/ip6tables-save.c:28
	iptables/ip6tables-save.c:29
	iptables/ip6tables-save.c:71
	libiptc/libiptc.c:2043
	libxtables/xtoptions.c:394
	libxtables/xtables.c:400
	libxtables/xtables.c:412
	libxtables/xtables.c:418
	libxtables/xtables.c:463
	libxtables/xtables.c:677
	libxtables/xtables.c:722
	libxtables/xtables.c:776
	libxtables/xtables.c:1312
	include/linux/netfilter/xt_sctp.h:76
	include/linux/netfilter/xt_sctp.h:88
	extensions/libxt_recent.c:139
	extensions/libxt_recent.c:144
	extensions/libxt_recent.c:149
	extensions/libxt_recent.c:154
	extensions/libxt_connmark.c:56
	extensions/libxt_tcp.c:30
	extensions/libxt_tcp.c:31
	extensions/libxt_tcp.c:32
	extensions/libxt_tcp.c:33
	extensions/libxt_tcp.c:35
	extensions/libxt_tcp.c:36
	extensions/libxt_ipvs.c:241
	extensions/libxt_ipvs.c:247
	extensions/libxt_rateest.c:45
	extensions/libxt_rateest.c:46
	extensions/libxt_rateest.c:47
	extensions/libxt_tos.c:67
	extensions/libxt_tos.c:78
	extensions/libxt_time.c:151
	extensions/libxt_time.c:250
	extensions/libxt_time.c:271
	extensions/libxt_time.c:400
	extensions/libxt_cpu.c:29
	extensions/libxt_owner.c:468
	extensions/libxt_owner.c:469
	extensions/libxt_owner.c:470
	extensions/libxt_owner.c:471
	extensions/libxt_owner.c:472
	extensions/libxt_owner.c:480
	extensions/libxt_owner.c:481
	extensions/libxt_owner.c:482
	extensions/libxt_owner.c:483
	extensions/libxt_owner.c:490
	extensions/libxt_owner.c:491
	extensions/libxt_owner.c:492
	extensions/libxt_hashlimit.c:226
	extensions/libxt_conntrack.c:248
	extensions/libxt_conntrack.c:318
	extensions/libxt_conntrack.c:962
	extensions/libxt_conntrack.c:969
	extensions/libxt_conntrack.c:980
	extensions/libxt_conntrack.c:980
	extensions/libxt_conntrack.c:986
	extensions/libxt_conntrack.c:986
	extensions/libxt_conntrack.c:992
	extensions/libxt_conntrack.c:998
	extensions/libxt_conntrack.c:1008
	extensions/libxt_conntrack.c:1018
	extensions/libxt_mark.c:34
	extensions/tos_values.c:37
	extensions/libxt_TCPOPTSTRIP.c:62
	extensions/libxt_TCPOPTSTRIP.c:108
	extensions/libxt_TCPOPTSTRIP.c:148
	extensions/libxt_set.c:38
	extensions/libxt_set.c:39
	extensions/libxt_set.c:220
	extensions/libxt_set.c:221
	extensions/libxt_set.c:307
	extensions/libxt_set.c:308
	extensions/libxt_set.c:311
	extensions/libxt_set.c:312
	extensions/libxt_set.c:313
	extensions/libxt_set.c:314
	extensions/libxt_set.c:315
	extensions/libxt_set.c:316
	extensions/libxt_SET.c:38
	extensions/libxt_SET.c:39
	extensions/libxt_SET.c:254
	extensions/libxt_SET.c:255
	extensions/libxt_SET.c:257
	extensions/libxt_sctp.c:57
	extensions/libxt_sctp.c:58
	extensions/libxt_sctp.c:59
	extensions/libxt_sctp.c:60
	extensions/libxt_sctp.c:61
	iptables/iptables-restore.c:35
	iptables/iptables-restore.c:36
	iptables/iptables-restore.c:441
	iptables/iptables.c:1584
	iptables/xshared.c:101
	iptables/xshared.c:257
	iptables/xshared.c:263
	iptables/iptables-save.c:29
	iptables/iptables-save.c:30
	iptables/ip6tables-restore.c:38
	iptables/ip6tables-restore.c:39
	iptables/ip6tables-restore.c:441
	iptables/ip6tables.c:1586
	iptables/ip6tables-save.c:30
	iptables/ip6tables-save.c:31
	libiptc/libiptc.c:2036
autoscan: warning: missing AC_C_INLINE wanted by: 
	extensions/libxt_time.c:370
	libiptc/linux_list.h:72
	libiptc/linux_list.h:90
	libiptc/linux_list.h:103
	libiptc/linux_list.h:114
	libiptc/linux_list.h:140
	libiptc/linux_list.h:161
	libiptc/linux_list.h:174
	libiptc/linux_list.h:186
	libiptc/linux_list.h:217
	libiptc/linux_list.h:227
	libiptc/linux_list.h:238
	libiptc/linux_list.h:249
	libiptc/linux_list.h:260
	libiptc/linux_list.h:277
	libiptc/linux_list.h:283
	libiptc/linux_list.h:302
	libiptc/linux_list.h:315
	libiptc/linux_list.h:522
	libiptc/linux_list.h:527
	libiptc/linux_list.h:532
	libiptc/linux_list.h:541
	libiptc/linux_list.h:567
	libiptc/linux_list.h:573
	libiptc/linux_list.h:583
	libiptc/linux_list.h:613
	libiptc/linux_list.h:626
	libiptc/linux_list.h:635
	libiptc/libiptc.c:185
	libiptc/libiptc.c:203
	libiptc/libiptc.c:214
	libiptc/libiptc.c:228
	libiptc/libiptc.c:248
	libiptc/libiptc.c:255
	libiptc/libiptc.c:261
	libiptc/libiptc.c:268
	libiptc/libiptc.c:315
	libiptc/libiptc.c:643
	libiptc/libiptc.c:1111
	libiptc/libiptc.c:1405
	libiptc/libiptc.c:1887
	libiptc/libiptc.c:1914
	libiptc/libip6tc.c:248
	libiptc/libip4tc.c:214
	libiptc/libip4tc.c:226
	libiptc/libip4tc.c:236
autoscan: warning: missing AC_FUNC_FORK wanted by: 
	libxtables/xtables.c:357
autoscan: warning: missing AC_FUNC_LSTAT_FOLLOWS_SLASHED_SYMLINK wanted by: 
	libxtables/xtables.c:392
autoscan: warning: missing AC_FUNC_MALLOC wanted by: 
	libipq/libipq.c:214
	libxtables/xtoptions.c:97
	libxtables/xtoptions.c:1151
	libxtables/xtables.c:125
	libxtables/xtables.c:284
	libxtables/xtables.c:319
	libiptc/libiptc.c:158
	libiptc/libiptc.c:173
	libiptc/libiptc.c:502
	libiptc/libiptc.c:1276
	libiptc/libiptc.c:1285
	libiptc/libiptc.c:2542
	libiptc/libiptc.c:2557
	libiptc/libiptc.c:2564
autoscan: warning: missing AC_FUNC_MKTIME wanted by: 
	extensions/libxt_time.c:153
autoscan: warning: missing AC_FUNC_REALLOC wanted by: 
	libxtables/xtables.c:296
	extensions/libipt_SNAT.c:54
	extensions/libipt_DNAT.c:54
autoscan: warning: missing AC_FUNC_STRNLEN wanted by: 
	extensions/libxt_string.c:85
autoscan: warning: missing AC_FUNC_STRTOD wanted by: 
	libxtables/xtoptions.c:217
	extensions/libxt_rateest.c:91
	extensions/libxt_RATEEST.c:56
autoscan: warning: missing AC_PROG_CXX wanted by: 
	build-aux/ltmain.sh:960
	build-aux/ltmain.sh:1380
	build-aux/ltmain.sh:1383
	build-aux/ltmain.sh:1388
	build-aux/ltmain.sh:1388
	build-aux/ltmain.sh:1398
	build-aux/ltmain.sh:1402
	build-aux/ltmain.sh:1405
	build-aux/ltmain.sh:1405
	build-aux/ltmain.sh:2442
	extensions/GNUmakefile.in:30
autoscan: warning: missing AC_PROG_RANLIB wanted by: 
	build-aux/ltmain.sh:2455
autoscan: warning: missing AC_TYPE_PID_T wanted by: 
	extensions/libxt_owner.c:32
	extensions/libxt_owner.c:33
	extensions/libxt_owner.c:41
	extensions/libxt_owner.c:42
autoscan: warning: missing AC_TYPE_SIZE_T wanted by: 
	libipq/libipq.c:91
	libipq/libipq.c:94
	libipq/libipq.c:104
	libipq/libipq.c:124
	libipq/libipq.c:269
	libipq/libipq.c:291
	libipq/libipq.c:316
	libipq/libipq.c:320
	libxtables/xtoptions.c:44
	libxtables/xtoptions.c:153
	libxtables/xtoptions.c:286
	libxtables/xtoptions.c:334
	libxtables/xtoptions.c:617
	libxtables/xtables.c:268
	libxtables/xtables.c:268
	libxtables/xtables.c:280
	libxtables/xtables.c:292
	libxtables/xtables.c:1841
	include/xtables.h:131
	include/xtables.h:231
	include/xtables.h:234
	include/xtables.h:273
	include/xtables.h:309
	include/xtables.h:312
	include/xtables.h:349
	include/xtables.h:418
	include/xtables.h:418
	include/xtables.h:419
	include/xtables.h:420
	include/libipq/libipq.h:61
	include/libipq/libipq.h:63
	include/libipq/libipq.h:74
	include/libipulog/libipulog.h:31
	include/libipulog/libipulog.h:35
	include/linux/netfilter_ipv4/ip_queue.h:33
	include/linux/netfilter_ipv4/ip_queue.h:40
	include/linux/netfilter_ipv4/ip_queue.h:46
	include/linux/netfilter_ipv4/ipt_ULOG.h:29
	include/linux/netfilter_ipv4/ipt_ULOG.h:30
	include/linux/netfilter_ipv4/ipt_ULOG.h:42
	extensions/libxt_set.h:65
	extensions/libxt_set.h:95
	extensions/libxt_conntrack.c:189
	extensions/libxt_conntrack.c:230
	extensions/libxt_conntrack.c:268
	extensions/libxt_conntrack.c:304
	extensions/libxt_conntrack.c:1037
	extensions/libxt_HMARK.c:143
	extensions/libxt_addrtype.c:72
	iptables/iptables.c:1211
	iptables/iptables.c:1255
	iptables/iptables.c:1807
	iptables/xshared.c:144
	iptables/ip6tables.c:1216
	iptables/ip6tables.c:1257
	iptables/ip6tables.c:1802
	libiptc/libiptc.c:2525
	libiptc/libip6tc.c:134
	libiptc/libip4tc.c:126
autoscan: warning: missing AC_TYPE_SSIZE_T wanted by: 
	libipq/libipq.c:90
	libipq/libipq.c:93
	libipq/libipq.c:97
	libipq/libipq.c:103
	libipq/libipq.c:113
	libipq/libipq.c:123
	libipq/libipq.c:290
	include/libipq/libipq.h:60
	include/libipulog/libipulog.h:30
autoscan: warning: missing AC_TYPE_UID_T wanted by: 
	extensions/libxt_owner.c:31
	extensions/libxt_owner.c:40
	extensions/libxt_owner.c:30
	extensions/libxt_owner.c:39
autoscan: warning: missing AC_TYPE_UINT16_T wanted by: 
	libxtables/xtoptions.c:50
	libxtables/xtoptions.c:54
	libxtables/xtoptions.c:63
	libxtables/xtoptions.c:64
	libxtables/xtoptions.c:196
	libxtables/xtoptions.c:264
	libxtables/xtoptions.c:612
	libxtables/xtoptions.c:617
	libxtables/xtoptions.c:665
	libxtables/xtables.c:491
	libxtables/xtables.c:1888
	include/xtables.h:156
	extensions/libxt_tcp.c:41
	extensions/libxt_tcp.c:218
	extensions/libxt_tcp.c:229
	extensions/libxt_tcp.c:229
	extensions/libxt_NFQUEUE.c:78
	extensions/libxt_dccp.c:79
	extensions/libxt_dccp.c:82
	extensions/libxt_dccp.c:145
	extensions/libxt_dccp.c:156
	extensions/libxt_dccp.c:156
	extensions/libxt_dccp.c:176
	extensions/libxt_multiport.c:85
	extensions/libxt_multiport.c:111
	extensions/libxt_multiport.c:145
	extensions/libxt_multiport.c:164
	extensions/libxt_multiport.c:210
	extensions/libxt_multiport.c:270
	extensions/libxt_multiport.c:282
	extensions/libxt_multiport.c:329
	extensions/libxt_multiport.c:383
	extensions/libxt_multiport.c:424
	extensions/libip6t_dst.c:56
	extensions/libip6t_dst.c:125
	extensions/libip6t_dst.c:154
	extensions/libip6t_dst.c:174
	extensions/libip6t_hbh.c:58
	extensions/libip6t_hbh.c:121
	extensions/libip6t_hbh.c:146
	extensions/libip6t_hbh.c:164
	extensions/libip6t_ipv6header.c:82
	extensions/libxt_udp.c:75
	extensions/libxt_udp.c:86
	extensions/libxt_udp.c:86
	extensions/libxt_addrtype.c:72
	extensions/libxt_addrtype.c:86
	extensions/libxt_addrtype.c:152
	extensions/libxt_sctp.c:67
	extensions/libxt_sctp.c:309
	extensions/libxt_sctp.c:320
	extensions/libxt_sctp.c:320
	iptables/iptables.c:936
	iptables/ip6tables.c:369
	iptables/ip6tables.c:974
autoscan: warning: missing AC_TYPE_UINT32_T wanted by: 
	libipq/libipq.c:209
	libipq/libipq.c:209
	libxtables/xtoptions.c:51
	libxtables/xtoptions.c:55
	libxtables/xtoptions.c:200
	libxtables/xtoptions.c:266
	libxtables/xtoptions.c:729
	libxtables/xtables.c:1221
	libxtables/xtables.c:1243
	libxtables/xtables.c:1569
	include/xtables.h:157
	include/xtables.h:168
	extensions/libip6t_frag.c:93
	extensions/libip6t_frag.c:93
	extensions/libip6t_ah.c:54
	extensions/libip6t_ah.c:54
	extensions/libip6t_ah.c:68
	extensions/libxt_connlimit.c:107
	extensions/libxt_connlimit.c:117
	extensions/libxt_connlimit.c:120
	extensions/libxt_CONNMARK.c:258
	extensions/libxt_rateest.c:88
	extensions/libxt_rateest.c:303
	extensions/libxt_rateest.c:388
	extensions/libxt_rateest.c:388
	extensions/libxt_CT.c:95
	extensions/libxt_CT.c:118
	extensions/libxt_time.c:213
	extensions/libxt_time.c:216
	extensions/libxt_time.c:327
	extensions/libipt_ah.c:36
	extensions/libipt_ah.c:36
	extensions/libxt_hashlimit.c:35
	extensions/libxt_hashlimit.c:153
	extensions/libxt_hashlimit.c:153
	extensions/libxt_hashlimit.c:155
	extensions/libxt_hashlimit.c:162
	extensions/libxt_hashlimit.c:164
	extensions/libxt_hashlimit.c:168
	extensions/libxt_hashlimit.c:183
	extensions/libxt_hashlimit.c:200
	extensions/libxt_hashlimit.c:230
	extensions/libxt_hashlimit.c:233
	extensions/libxt_hashlimit.c:298
	extensions/libxt_hashlimit.c:410
	extensions/libxt_hashlimit.c:431
	extensions/libxt_hashlimit.c:437
	extensions/libxt_hashlimit.c:437
	extensions/libxt_hashlimit.c:458
	extensions/libxt_hashlimit.c:465
	extensions/libxt_hashlimit.c:465
	extensions/libxt_hashlimit.c:465
	extensions/libxt_hashlimit.c:523
	extensions/libxt_hashlimit.c:543
	extensions/libxt_hashlimit.c:597
	extensions/libxt_hashlimit.c:621
	extensions/libip6t_dst.c:31
	extensions/libip6t_hbh.c:33
	extensions/libxt_u32.c:89
	extensions/libxt_MARK.c:211
	extensions/libipt_NETMAP.c:33
	extensions/libipt_NETMAP.c:35
	extensions/libip6t_rt.c:150
	extensions/libip6t_rt.c:150
	extensions/libxt_limit.c:44
	extensions/libxt_limit.c:47
	extensions/libxt_limit.c:48
	extensions/libxt_limit.c:115
	extensions/libxt_limit.c:121
	extensions/libxt_esp.c:36
	extensions/libxt_esp.c:36
	extensions/libxt_sctp.c:31
	extensions/libxt_sctp.c:340
	extensions/libxt_sctp.c:363
	extensions/libxt_sctp.c:380
	iptables/iptables.c:1018
	iptables/iptables.c:1019
	iptables/iptables.c:1021
	libiptc/libip4tc.c:219
	libiptc/libip4tc.c:220
autoscan: warning: missing AC_TYPE_UINT64_T wanted by: 
	libxtables/xtoptions.c:52
	libxtables/xtoptions.c:56
	libxtables/xtoptions.c:204
	libxtables/xtoptions.c:268
	libxtables/xtables.c:1919
	include/xtables.h:158
	include/xtables.h:502
	extensions/libxt_hashlimit.c:162
	extensions/libxt_hashlimit.c:203
	extensions/libxt_hashlimit.c:215
	extensions/libxt_set.c:321
	extensions/libxt_set.c:330
autoscan: warning: missing AC_TYPE_UINT8_T wanted by: 
	libipq/libipq.c:269
	libxtables/xtoptions.c:37
	libxtables/xtoptions.c:41
	libxtables/xtoptions.c:49
	libxtables/xtoptions.c:53
	libxtables/xtoptions.c:59
	libxtables/xtoptions.c:62
	libxtables/xtoptions.c:66
	libxtables/xtoptions.c:192
	libxtables/xtoptions.c:262
	libxtables/xtoptions.c:488
	libxtables/xtoptions.c:591
	libxtables/xtables.c:218
	libxtables/xtables.c:258
	libxtables/xtables.c:748
	libxtables/xtables.c:802
	libxtables/xtables.c:807
	include/xtables.h:153
	include/xtables.h:155
	include/xtables.h:162
	include/xtables.h:165
	include/xtables.h:170
	include/xtables.h:417
	include/xtables.h:430
	extensions/libxt_connlimit.c:57
	extensions/libxt_connmark.c:30
	extensions/libipt_icmp.c:22
	extensions/libipt_icmp.c:23
	extensions/libipt_icmp.c:118
	extensions/libipt_icmp.c:118
	extensions/libipt_icmp.c:188
	extensions/libipt_icmp.c:189
	extensions/libipt_icmp.c:189
	extensions/libxt_DSCP.c:73
	extensions/libxt_tcp.c:118
	extensions/libxt_tcp.c:249
	extensions/libxt_tcp.c:256
	extensions/libxt_tcp.c:278
	extensions/libxt_tcp.c:278
	extensions/libip6t_icmp6.c:14
	extensions/libip6t_icmp6.c:15
	extensions/libip6t_icmp6.c:94
	extensions/libip6t_icmp6.c:94
	extensions/libip6t_icmp6.c:163
	extensions/libip6t_icmp6.c:164
	extensions/libip6t_icmp6.c:164
	extensions/libxt_CONNMARK.c:31
	extensions/libxt_policy.c:228
	extensions/libxt_policy.c:245
	extensions/libxt_policy.c:265
	extensions/libxt_tos.c:19
	extensions/libxt_tos.c:20
	extensions/libxt_dccp.c:204
	extensions/libipt_CLUSTERIP.c:133
	extensions/libxt_owner.c:35
	extensions/libxt_owner.c:44
	extensions/libxt_owner.c:291
	extensions/libxt_owner.c:340
	extensions/libxt_owner.c:385
	extensions/libxt_conntrack.c:50
	extensions/libxt_conntrack.c:52
	extensions/libxt_conntrack.c:401
	extensions/libxt_multiport.c:66
	extensions/libxt_multiport.c:145
	extensions/libxt_multiport.c:165
	extensions/libxt_multiport.c:211
	extensions/libxt_multiport.c:259
	extensions/libxt_multiport.c:270
	extensions/libip6t_mh.c:27
	extensions/libip6t_mh.c:105
	extensions/libip6t_mh.c:137
	extensions/libip6t_mh.c:148
	extensions/libip6t_mh.c:157
	extensions/libip6t_mh.c:157
	extensions/libip6t_ipv6header.c:23
	extensions/libip6t_ipv6header.c:27
	extensions/libip6t_ipv6header.c:28
	extensions/libip6t_ipv6header.c:65
	extensions/libip6t_ipv6header.c:178
	extensions/libxt_MARK.c:20
	extensions/libxt_mark.c:8
	extensions/libxt_iprange.c:19
	extensions/libxt_iprange.c:45
	extensions/libxt_iprange.c:74
	extensions/libxt_iprange.c:122
	extensions/tos_values.c:11
	extensions/tos_values.c:27
	extensions/tos_values.c:27
	extensions/libxt_TOS.c:19
	extensions/libxt_TOS.c:162
	extensions/libxt_sctp.c:340
	extensions/libxt_sctp.c:340
	iptables/iptables.c:398
	iptables/iptables.c:499
	iptables/xshared.c:47
	iptables/ip6tables.c:178
	iptables/ip6tables.c:412
	iptables/xshared.h:45
	iptables/xshared.h:46
	iptables/xshared.h:80
