This file contains any messages produced by compilers while
running configure, to aid debugging if configure makes a mistake.

It was created by iptables configure 1.4.20, which was
generated by GNU Autoconf 2.69.  Invocation command line was

  $ ./configure 

## --------- ##
## Platform. ##
## --------- ##

hostname = ftdchenwz
uname -m = x86_64
uname -r = 4.2.0-38-generic
uname -s = Linux
uname -v = #45~14.04.1-Ubuntu SMP Thu Jun 9 09:27:51 UTC 2016

/usr/bin/uname -p = unknown
/bin/uname -X     = unknown

/bin/arch              = unknown
/usr/bin/arch -k       = unknown
/usr/convex/getsysinfo = unknown
/usr/bin/hostinfo      = unknown
/bin/machine           = unknown
/usr/bin/oslevel       = unknown
/bin/universe          = unknown

PATH: /usr/local/sbin
PATH: /usr/local/bin
PATH: /usr/sbin
PATH: /usr/bin
PATH: /sbin
PATH: /bin
PATH: /usr/games
PATH: /usr/local/games


## ----------- ##
## Core tests. ##
## ----------- ##

configure:2510: checking for a BSD-compatible install
configure:2578: result: /usr/bin/install -c
configure:2591: checking whether build environment is sane
configure:2641: result: yes
configure:2782: checking for a thread-safe mkdir -p
configure:2821: result: /bin/mkdir -p
configure:2834: checking for gawk
configure:2864: result: no
configure:2834: checking for mawk
configure:2850: found /usr/bin/mawk
configure:2861: result: mawk
configure:2872: checking whether make sets $(MAKE)
configure:2894: result: yes
configure:3022: checking for gcc
configure:3038: found /usr/bin/gcc
configure:3049: result: gcc
configure:3278: checking for C compiler version
configure:3287: gcc --version >&5
gcc (Ubuntu 4.8.4-2ubuntu1~14.04.3) 4.8.4
Copyright (C) 2013 Free Software Foundation, Inc.
This is free software; see the source for copying conditions.  There is NO
warranty; not even for MERCHANTABILITY or FITNESS FOR A PARTICULAR PURPOSE.

configure:3298: $? = 0
configure:3287: gcc -v >&5
Using built-in specs.
COLLECT_GCC=gcc
COLLECT_LTO_WRAPPER=/usr/lib/gcc/x86_64-linux-gnu/4.8/lto-wrapper
Target: x86_64-linux-gnu
Configured with: ../src/configure -v --with-pkgversion='Ubuntu 4.8.4-2ubuntu1~14.04.3' --with-bugurl=file:///usr/share/doc/gcc-4.8/README.Bugs --enable-languages=c,c++,java,go,d,fortran,objc,obj-c++ --prefix=/usr --program-suffix=-4.8 --enable-shared --enable-linker-build-id --libexecdir=/usr/lib --without-included-gettext --enable-threads=posix --with-gxx-include-dir=/usr/include/c++/4.8 --libdir=/usr/lib --enable-nls --with-sysroot=/ --enable-clocale=gnu --enable-libstdcxx-debug --enable-libstdcxx-time=yes --enable-gnu-unique-object --disable-libmudflap --enable-plugin --with-system-zlib --disable-browser-plugin --enable-java-awt=gtk --enable-gtk-cairo --with-java-home=/usr/lib/jvm/java-1.5.0-gcj-4.8-amd64/jre --enable-java-home --with-jvm-root-dir=/usr/lib/jvm/java-1.5.0-gcj-4.8-amd64 --with-jvm-jar-dir=/usr/lib/jvm-exports/java-1.5.0-gcj-4.8-amd64 --with-arch-directory=amd64 --with-ecj-jar=/usr/share/java/eclipse-ecj.jar --enable-objc-gc --enable-multiarch --disable-werror --with-arch-32=i686 --with-abi=m64 --with-multilib-list=m32,m64,mx32 --with-tune=generic --enable-checking=release --build=x86_64-linux-gnu --host=x86_64-linux-gnu --target=x86_64-linux-gnu
Thread model: posix
gcc version 4.8.4 (Ubuntu 4.8.4-2ubuntu1~14.04.3) 
configure:3298: $? = 0
configure:3287: gcc -V >&5
gcc: error: unrecognized command line option '-V'
gcc: fatal error: no input files
compilation terminated.
configure:3298: $? = 4
configure:3287: gcc -qversion >&5
gcc: error: unrecognized command line option '-qversion'
gcc: fatal error: no input files
compilation terminated.
configure:3298: $? = 4
configure:3318: checking whether the C compiler works
configure:3340: gcc    conftest.c  >&5
configure:3344: $? = 0
configure:3392: result: yes
configure:3395: checking for C compiler default output file name
configure:3397: result: a.out
configure:3403: checking for suffix of executables
configure:3410: gcc -o conftest    conftest.c  >&5
configure:3414: $? = 0
configure:3436: result: 
configure:3458: checking whether we are cross compiling
configure:3466: gcc -o conftest    conftest.c  >&5
configure:3470: $? = 0
configure:3477: ./conftest
configure:3481: $? = 0
configure:3496: result: no
configure:3501: checking for suffix of object files
configure:3523: gcc -c   conftest.c >&5
configure:3527: $? = 0
configure:3548: result: o
configure:3552: checking whether we are using the GNU C compiler
configure:3571: gcc -c   conftest.c >&5
configure:3571: $? = 0
configure:3580: result: yes
configure:3589: checking whether gcc accepts -g
configure:3609: gcc -c -g  conftest.c >&5
configure:3609: $? = 0
configure:3650: result: yes
configure:3667: checking for gcc option to accept ISO C89
configure:3730: gcc  -c -g -O2  conftest.c >&5
configure:3730: $? = 0
configure:3743: result: none needed
configure:3774: checking for style of include used by make
configure:3802: result: GNU
configure:3828: checking dependency style of gcc
configure:3939: result: gcc3
configure:3955: checking whether gcc and cc understand -c and -o together
configure:3986: gcc -c conftest.c -o conftest2.o >&5
configure:3990: $? = 0
configure:3996: gcc -c conftest.c -o conftest2.o >&5
configure:4000: $? = 0
configure:4011: cc -c conftest.c >&5
configure:4015: $? = 0
configure:4023: cc -c conftest.c -o conftest2.o >&5
configure:4027: $? = 0
configure:4033: cc -c conftest.c -o conftest2.o >&5
configure:4037: $? = 0
configure:4055: result: yes
configure:4161: checking for ar
configure:4177: found /usr/bin/ar
configure:4188: result: ar
configure:4214: checking the archiver (ar) interface
configure:4224: gcc -c -g -O2  conftest.c >&5
configure:4224: $? = 0
configure:4226: ar cru libconftest.a conftest.o >&5
configure:4229: $? = 0
configure:4252: result: ar
configure:4301: checking build system type
configure:4315: result: x86_64-unknown-linux-gnu
configure:4335: checking host system type
configure:4348: result: x86_64-unknown-linux-gnu
configure:4389: checking how to print strings
configure:4416: result: printf
configure:4437: checking for a sed that does not truncate output
configure:4501: result: /bin/sed
configure:4519: checking for grep that handles long lines and -e
configure:4577: result: /bin/grep
configure:4582: checking for egrep
configure:4644: result: /bin/grep -E
configure:4649: checking for fgrep
configure:4711: result: /bin/grep -F
configure:4746: checking for ld used by gcc
configure:4813: result: /usr/bin/ld
configure:4820: checking if the linker (/usr/bin/ld) is GNU ld
configure:4835: result: yes
configure:4847: checking for BSD- or MS-compatible name lister (nm)
configure:4896: result: /usr/bin/nm -B
configure:5026: checking the name lister (/usr/bin/nm -B) interface
configure:5033: gcc -c -g -O2  conftest.c >&5
configure:5036: /usr/bin/nm -B "conftest.o"
configure:5039: output
0000000000000000 B some_variable
configure:5046: result: BSD nm
configure:5049: checking whether ln -s works
configure:5053: result: yes
configure:5061: checking the maximum length of command line arguments
configure:5192: result: 1572864
configure:5209: checking whether the shell understands some XSI constructs
configure:5219: result: yes
configure:5223: checking whether the shell understands "+="
configure:5229: result: yes
configure:5264: checking how to convert x86_64-unknown-linux-gnu file names to x86_64-unknown-linux-gnu format
configure:5304: result: func_convert_file_noop
configure:5311: checking how to convert x86_64-unknown-linux-gnu file names to toolchain format
configure:5331: result: func_convert_file_noop
configure:5338: checking for /usr/bin/ld option to reload object files
configure:5345: result: -r
configure:5419: checking for objdump
configure:5435: found /usr/bin/objdump
configure:5446: result: objdump
configure:5478: checking how to recognize dependent libraries
configure:5676: result: pass_all
configure:5761: checking for dlltool
configure:5791: result: no
configure:5821: checking how to associate runtime and link libraries
configure:5848: result: printf %s\n
configure:5972: checking for archiver @FILE support
configure:5989: gcc -c -g -O2  conftest.c >&5
configure:5989: $? = 0
configure:5992: ar cru libconftest.a @conftest.lst >&5
configure:5995: $? = 0
configure:6000: ar cru libconftest.a @conftest.lst >&5
ar: conftest.o: No such file or directory
configure:6003: $? = 1
configure:6015: result: @
configure:6073: checking for strip
configure:6089: found /usr/bin/strip
configure:6100: result: strip
configure:6172: checking for ranlib
configure:6188: found /usr/bin/ranlib
configure:6199: result: ranlib
configure:6301: checking command to parse /usr/bin/nm -B output from gcc object
configure:6421: gcc -c -g -O2  conftest.c >&5
configure:6424: $? = 0
configure:6428: /usr/bin/nm -B conftest.o \| sed -n -e 's/^.*[ ]\([ABCDGIRSTW][ABCDGIRSTW]*\)[ ][ ]*\([_A-Za-z][_A-Za-z0-9]*\)$/\1 \2 \2/p' | sed '/ __gnu_lto/d' \> conftest.nm
configure:6431: $? = 0
configure:6497: gcc -o conftest -g -O2   conftest.c conftstm.o >&5
configure:6500: $? = 0
configure:6538: result: ok
configure:6575: checking for sysroot
configure:6605: result: no
configure:6682: gcc -c -g -O2  conftest.c >&5
configure:6685: $? = 0
configure:6868: checking for mt
configure:6884: found /bin/mt
configure:6895: result: mt
configure:6918: checking if mt is a manifest tool
configure:6924: mt '-?'
configure:6932: result: no
configure:7574: checking how to run the C preprocessor
configure:7605: gcc -E  conftest.c
configure:7605: $? = 0
configure:7619: gcc -E  conftest.c
conftest.c:11:28: fatal error: ac_nonexistent.h: No such file or directory
 #include <ac_nonexistent.h>
                            ^
compilation terminated.
configure:7619: $? = 1
configure: failed program was:
| /* confdefs.h */
| #define PACKAGE_NAME "iptables"
| #define PACKAGE_TARNAME "iptables"
| #define PACKAGE_VERSION "1.4.20"
| #define PACKAGE_STRING "iptables 1.4.20"
| #define PACKAGE_BUGREPORT ""
| #define PACKAGE_URL ""
| #define PACKAGE "iptables"
| #define VERSION "1.4.20"
| /* end confdefs.h.  */
| #include <ac_nonexistent.h>
configure:7644: result: gcc -E
configure:7664: gcc -E  conftest.c
configure:7664: $? = 0
configure:7678: gcc -E  conftest.c
conftest.c:11:28: fatal error: ac_nonexistent.h: No such file or directory
 #include <ac_nonexistent.h>
                            ^
compilation terminated.
configure:7678: $? = 1
configure: failed program was:
| /* confdefs.h */
| #define PACKAGE_NAME "iptables"
| #define PACKAGE_TARNAME "iptables"
| #define PACKAGE_VERSION "1.4.20"
| #define PACKAGE_STRING "iptables 1.4.20"
| #define PACKAGE_BUGREPORT ""
| #define PACKAGE_URL ""
| #define PACKAGE "iptables"
| #define VERSION "1.4.20"
| /* end confdefs.h.  */
| #include <ac_nonexistent.h>
configure:7707: checking for ANSI C header files
configure:7727: gcc -c -g -O2  conftest.c >&5
configure:7727: $? = 0
configure:7800: gcc -o conftest -g -O2   conftest.c  >&5
configure:7800: $? = 0
configure:7800: ./conftest
configure:7800: $? = 0
configure:7811: result: yes
configure:7824: checking for sys/types.h
configure:7824: gcc -c -g -O2  conftest.c >&5
configure:7824: $? = 0
configure:7824: result: yes
configure:7824: checking for sys/stat.h
configure:7824: gcc -c -g -O2  conftest.c >&5
configure:7824: $? = 0
configure:7824: result: yes
configure:7824: checking for stdlib.h
configure:7824: gcc -c -g -O2  conftest.c >&5
configure:7824: $? = 0
configure:7824: result: yes
configure:7824: checking for string.h
configure:7824: gcc -c -g -O2  conftest.c >&5
configure:7824: $? = 0
configure:7824: result: yes
configure:7824: checking for memory.h
configure:7824: gcc -c -g -O2  conftest.c >&5
configure:7824: $? = 0
configure:7824: result: yes
configure:7824: checking for strings.h
configure:7824: gcc -c -g -O2  conftest.c >&5
configure:7824: $? = 0
configure:7824: result: yes
configure:7824: checking for inttypes.h
configure:7824: gcc -c -g -O2  conftest.c >&5
configure:7824: $? = 0
configure:7824: result: yes
configure:7824: checking for stdint.h
configure:7824: gcc -c -g -O2  conftest.c >&5
configure:7824: $? = 0
configure:7824: result: yes
configure:7824: checking for unistd.h
configure:7824: gcc -c -g -O2  conftest.c >&5
configure:7824: $? = 0
configure:7824: result: yes
configure:7838: checking for dlfcn.h
configure:7838: gcc -c -g -O2  conftest.c >&5
configure:7838: $? = 0
configure:7838: result: yes
configure:8014: checking for objdir
configure:8029: result: .libs
configure:8300: checking if gcc supports -fno-rtti -fno-exceptions
configure:8318: gcc -c -g -O2  -fno-rtti -fno-exceptions conftest.c >&5
cc1: warning: command line option '-fno-rtti' is valid for C++/ObjC++ but not for C [enabled by default]
configure:8322: $? = 0
configure:8335: result: no
configure:8662: checking for gcc option to produce PIC
configure:8669: result: -fPIC -DPIC
configure:8677: checking if gcc PIC flag -fPIC -DPIC works
configure:8695: gcc -c -g -O2  -fPIC -DPIC -DPIC conftest.c >&5
configure:8699: $? = 0
configure:8712: result: yes
configure:8741: checking if gcc static flag -static works
configure:8769: result: yes
configure:8784: checking if gcc supports -c -o file.o
configure:8805: gcc -c -g -O2  -o out/conftest2.o conftest.c >&5
configure:8809: $? = 0
configure:8831: result: yes
configure:8839: checking if gcc supports -c -o file.o
configure:8886: result: yes
configure:8919: checking whether the gcc linker (/usr/bin/ld -m elf_x86_64) supports shared libraries
configure:10076: result: yes
configure:10113: checking whether -lc should be explicitly linked in
configure:10121: gcc -c -g -O2  conftest.c >&5
configure:10124: $? = 0
configure:10139: gcc -shared  -fPIC -DPIC conftest.o  -v -Wl,-soname -Wl,conftest -o conftest 2\>\&1 \| /bin/grep  -lc  \>/dev/null 2\>\&1
configure:10142: $? = 0
configure:10156: result: no
configure:10316: checking dynamic linker characteristics
configure:10816: gcc -o conftest -g -O2   -Wl,-rpath -Wl,/foo conftest.c  >&5
configure:10816: $? = 0
configure:11050: result: GNU/Linux ld.so
configure:11157: checking how to hardcode library paths into programs
configure:11182: result: immediate
configure:11722: checking whether stripping libraries is possible
configure:11727: result: yes
configure:11762: checking if libtool supports shared libraries
configure:11764: result: yes
configure:11767: checking whether to build shared libraries
configure:11788: result: yes
configure:11791: checking whether to build static libraries
configure:11795: result: no
configure:11912: checking whether the linker accepts -Wl,--no-as-needed
configure:11931: gcc -o conftest -g -O2  -Wl,--no-as-needed conftest.c  >&5
configure:11931: $? = 0
configure:11942: result: yes
configure:11952: checking whether /usr/bin/ld -m elf_x86_64 knows -Wl,--no-undefined
configure:11960: gcc -o conftest -g -O2  -Wl,--no-undefined conftest.c  >&5
configure:11960: $? = 0
configure:11961: result: yes
configure:11977: checking linux/dccp.h usability
configure:11977: gcc -c -g -O2  conftest.c >&5
configure:11977: $? = 0
configure:11977: result: yes
configure:11977: checking linux/dccp.h presence
configure:11977: gcc -E  conftest.c
configure:11977: $? = 0
configure:11977: result: yes
configure:11977: checking for linux/dccp.h
configure:11977: result: yes
configure:11977: checking linux/ip_vs.h usability
configure:11977: gcc -c -g -O2  conftest.c >&5
configure:11977: $? = 0
configure:11977: result: yes
configure:11977: checking linux/ip_vs.h presence
configure:11977: gcc -E  conftest.c
configure:11977: $? = 0
configure:11977: result: yes
configure:11977: checking for linux/ip_vs.h
configure:11977: result: yes
configure:11977: checking linux/magic.h usability
configure:11977: gcc -c -g -O2  conftest.c >&5
configure:11977: $? = 0
configure:11977: result: yes
configure:11977: checking linux/magic.h presence
configure:11977: gcc -E  conftest.c
configure:11977: $? = 0
configure:11977: result: yes
configure:11977: checking for linux/magic.h
configure:11977: result: yes
configure:11977: checking linux/proc_fs.h usability
configure:11977: gcc -c -g -O2  conftest.c >&5
conftest.c:59:27: fatal error: linux/proc_fs.h: No such file or directory
 #include <linux/proc_fs.h>
                           ^
compilation terminated.
configure:11977: $? = 1
configure: failed program was:
| /* confdefs.h */
| #define PACKAGE_NAME "iptables"
| #define PACKAGE_TARNAME "iptables"
| #define PACKAGE_VERSION "1.4.20"
| #define PACKAGE_STRING "iptables 1.4.20"
| #define PACKAGE_BUGREPORT ""
| #define PACKAGE_URL ""
| #define PACKAGE "iptables"
| #define VERSION "1.4.20"
| #define STDC_HEADERS 1
| #define HAVE_SYS_TYPES_H 1
| #define HAVE_SYS_STAT_H 1
| #define HAVE_STDLIB_H 1
| #define HAVE_STRING_H 1
| #define HAVE_MEMORY_H 1
| #define HAVE_STRINGS_H 1
| #define HAVE_INTTYPES_H 1
| #define HAVE_STDINT_H 1
| #define HAVE_UNISTD_H 1
| #define HAVE_DLFCN_H 1
| #define LT_OBJDIR ".libs/"
| #define HAVE_LINUX_DCCP_H 1
| #define HAVE_LINUX_IP_VS_H 1
| #define HAVE_LINUX_MAGIC_H 1
| /* end confdefs.h.  */
| #include <stdio.h>
| #ifdef HAVE_SYS_TYPES_H
| # include <sys/types.h>
| #endif
| #ifdef HAVE_SYS_STAT_H
| # include <sys/stat.h>
| #endif
| #ifdef STDC_HEADERS
| # include <stdlib.h>
| # include <stddef.h>
| #else
| # ifdef HAVE_STDLIB_H
| #  include <stdlib.h>
| # endif
| #endif
| #ifdef HAVE_STRING_H
| # if !defined STDC_HEADERS && defined HAVE_MEMORY_H
| #  include <memory.h>
| # endif
| # include <string.h>
| #endif
| #ifdef HAVE_STRINGS_H
| # include <strings.h>
| #endif
| #ifdef HAVE_INTTYPES_H
| # include <inttypes.h>
| #endif
| #ifdef HAVE_STDINT_H
| # include <stdint.h>
| #endif
| #ifdef HAVE_UNISTD_H
| # include <unistd.h>
| #endif
| #include <linux/proc_fs.h>
configure:11977: result: no
configure:11977: checking linux/proc_fs.h presence
configure:11977: gcc -E  conftest.c
conftest.c:26:27: fatal error: linux/proc_fs.h: No such file or directory
 #include <linux/proc_fs.h>
                           ^
compilation terminated.
configure:11977: $? = 1
configure: failed program was:
| /* confdefs.h */
| #define PACKAGE_NAME "iptables"
| #define PACKAGE_TARNAME "iptables"
| #define PACKAGE_VERSION "1.4.20"
| #define PACKAGE_STRING "iptables 1.4.20"
| #define PACKAGE_BUGREPORT ""
| #define PACKAGE_URL ""
| #define PACKAGE "iptables"
| #define VERSION "1.4.20"
| #define STDC_HEADERS 1
| #define HAVE_SYS_TYPES_H 1
| #define HAVE_SYS_STAT_H 1
| #define HAVE_STDLIB_H 1
| #define HAVE_STRING_H 1
| #define HAVE_MEMORY_H 1
| #define HAVE_STRINGS_H 1
| #define HAVE_INTTYPES_H 1
| #define HAVE_STDINT_H 1
| #define HAVE_UNISTD_H 1
| #define HAVE_DLFCN_H 1
| #define LT_OBJDIR ".libs/"
| #define HAVE_LINUX_DCCP_H 1
| #define HAVE_LINUX_IP_VS_H 1
| #define HAVE_LINUX_MAGIC_H 1
| /* end confdefs.h.  */
| #include <linux/proc_fs.h>
configure:11977: result: no
configure:11977: checking for linux/proc_fs.h
configure:11977: result: no
configure:12048: checking for pkg-config
configure:12066: found /usr/bin/pkg-config
configure:12078: result: /usr/bin/pkg-config
configure:12103: checking pkg-config is at least version 0.9.0
configure:12106: result: yes
configure:12116: checking for libnetfilter_conntrack
configure:12123: $PKG_CONFIG --exists --print-errors "libnetfilter_conntrack >= 1.0.4"
Package libnetfilter_conntrack was not found in the pkg-config search path.
Perhaps you should add the directory containing `libnetfilter_conntrack.pc'
to the PKG_CONFIG_PATH environment variable
No package 'libnetfilter_conntrack' found
configure:12126: $? = 1
configure:12140: $PKG_CONFIG --exists --print-errors "libnetfilter_conntrack >= 1.0.4"
Package libnetfilter_conntrack was not found in the pkg-config search path.
Perhaps you should add the directory containing `libnetfilter_conntrack.pc'
to the PKG_CONFIG_PATH environment variable
No package 'libnetfilter_conntrack' found
configure:12143: $? = 1
configure:12157: result: no
No package 'libnetfilter_conntrack' found
configure:12204: checking size of struct ip6_hdr
configure:12209: gcc -o conftest -g -O2   conftest.c  >&5
configure:12209: $? = 0
configure:12209: ./conftest
configure:12209: $? = 0
configure:12224: result: 40
configure:12352: checking for libnfnetlink
configure:12359: $PKG_CONFIG --exists --print-errors "libnfnetlink >= 1.0"
Package libnfnetlink was not found in the pkg-config search path.
Perhaps you should add the directory containing `libnfnetlink.pc'
to the PKG_CONFIG_PATH environment variable
No package 'libnfnetlink' found
configure:12362: $? = 1
configure:12376: $PKG_CONFIG --exists --print-errors "libnfnetlink >= 1.0"
Package libnfnetlink was not found in the pkg-config search path.
Perhaps you should add the directory containing `libnfnetlink.pc'
to the PKG_CONFIG_PATH environment variable
No package 'libnfnetlink' found
configure:12379: $? = 1
configure:12393: result: no
No package 'libnfnetlink' found
configure:12631: creating ./config.status

## ---------------------- ##
## Running config.status. ##
## ---------------------- ##

This file was extended by iptables config.status 1.4.20, which was
generated by GNU Autoconf 2.69.  Invocation command line was

  CONFIG_FILES    = 
  CONFIG_HEADERS  = 
  CONFIG_LINKS    = 
  CONFIG_COMMANDS = 
  $ ./config.status 

on ftdchenwz

config.status:1138: creating Makefile
config.status:1138: creating extensions/GNUmakefile
config.status:1138: creating include/Makefile
config.status:1138: creating iptables/Makefile
config.status:1138: creating iptables/xtables.pc
config.status:1138: creating iptables/iptables.8
config.status:1138: creating iptables/ip6tables.8
config.status:1138: creating iptables/iptables-extensions.8.tmpl
config.status:1138: creating libipq/Makefile
config.status:1138: creating libipq/libipq.pc
config.status:1138: creating libiptc/Makefile
config.status:1138: creating libiptc/libiptc.pc
config.status:1138: creating libiptc/libip4tc.pc
config.status:1138: creating libiptc/libip6tc.pc
config.status:1138: creating libxtables/Makefile
config.status:1138: creating utils/Makefile
config.status:1138: creating include/xtables-version.h
config.status:1138: creating include/iptables/internal.h
config.status:1138: creating config.h
config.status:1367: executing depfiles commands
config.status:1367: executing libtool commands

## ---------------- ##
## Cache variables. ##
## ---------------- ##

ac_cv_build=x86_64-unknown-linux-gnu
ac_cv_c_compiler_gnu=yes
ac_cv_env_CC_set=
ac_cv_env_CC_value=
ac_cv_env_CFLAGS_set=
ac_cv_env_CFLAGS_value=
ac_cv_env_CPPFLAGS_set=
ac_cv_env_CPPFLAGS_value=
ac_cv_env_CPP_set=
ac_cv_env_CPP_value=
ac_cv_env_LDFLAGS_set=
ac_cv_env_LDFLAGS_value=
ac_cv_env_LIBS_set=
ac_cv_env_LIBS_value=
ac_cv_env_PKG_CONFIG_LIBDIR_set=
ac_cv_env_PKG_CONFIG_LIBDIR_value=
ac_cv_env_PKG_CONFIG_PATH_set=
ac_cv_env_PKG_CONFIG_PATH_value=
ac_cv_env_PKG_CONFIG_set=
ac_cv_env_PKG_CONFIG_value=
ac_cv_env_build_alias_set=
ac_cv_env_build_alias_value=
ac_cv_env_host_alias_set=
ac_cv_env_host_alias_value=
ac_cv_env_libnetfilter_conntrack_CFLAGS_set=
ac_cv_env_libnetfilter_conntrack_CFLAGS_value=
ac_cv_env_libnetfilter_conntrack_LIBS_set=
ac_cv_env_libnetfilter_conntrack_LIBS_value=
ac_cv_env_libnfnetlink_CFLAGS_set=
ac_cv_env_libnfnetlink_CFLAGS_value=
ac_cv_env_libnfnetlink_LIBS_set=
ac_cv_env_libnfnetlink_LIBS_value=
ac_cv_env_target_alias_set=
ac_cv_env_target_alias_value=
ac_cv_header_dlfcn_h=yes
ac_cv_header_inttypes_h=yes
ac_cv_header_linux_dccp_h=yes
ac_cv_header_linux_ip_vs_h=yes
ac_cv_header_linux_magic_h=yes
ac_cv_header_linux_proc_fs_h=no
ac_cv_header_memory_h=yes
ac_cv_header_stdc=yes
ac_cv_header_stdint_h=yes
ac_cv_header_stdlib_h=yes
ac_cv_header_string_h=yes
ac_cv_header_strings_h=yes
ac_cv_header_sys_stat_h=yes
ac_cv_header_sys_types_h=yes
ac_cv_header_unistd_h=yes
ac_cv_host=x86_64-unknown-linux-gnu
ac_cv_objext=o
ac_cv_path_EGREP='/bin/grep -E'
ac_cv_path_FGREP='/bin/grep -F'
ac_cv_path_GREP=/bin/grep
ac_cv_path_SED=/bin/sed
ac_cv_path_ac_pt_PKG_CONFIG=/usr/bin/pkg-config
ac_cv_path_install='/usr/bin/install -c'
ac_cv_path_mkdir=/bin/mkdir
ac_cv_prog_AWK=mawk
ac_cv_prog_CPP='gcc -E'
ac_cv_prog_ac_ct_AR=ar
ac_cv_prog_ac_ct_CC=gcc
ac_cv_prog_ac_ct_MANIFEST_TOOL=mt
ac_cv_prog_ac_ct_OBJDUMP=objdump
ac_cv_prog_ac_ct_RANLIB=ranlib
ac_cv_prog_ac_ct_STRIP=strip
ac_cv_prog_cc_c89=
ac_cv_prog_cc_g=yes
ac_cv_prog_cc_gcc_c_o=yes
ac_cv_prog_make_make_set=yes
ac_cv_sizeof_struct_ip6_hdr=40
am_cv_CC_dependencies_compiler_type=gcc3
am_cv_ar_interface=ar
ax_cv_linker_flags__Wl___no_as_needed=yes
lt_cv_ar_at_file=@
lt_cv_archive_cmds_need_lc=no
lt_cv_deplibs_check_method=pass_all
lt_cv_file_magic_cmd='$MAGIC_CMD'
lt_cv_file_magic_test_file=
lt_cv_ld_reload_flag=-r
lt_cv_nm_interface='BSD nm'
lt_cv_objdir=.libs
lt_cv_path_LD=/usr/bin/ld
lt_cv_path_NM='/usr/bin/nm -B'
lt_cv_path_mainfest_tool=no
lt_cv_prog_compiler_c_o=yes
lt_cv_prog_compiler_pic='-fPIC -DPIC'
lt_cv_prog_compiler_pic_works=yes
lt_cv_prog_compiler_rtti_exceptions=no
lt_cv_prog_compiler_static_works=yes
lt_cv_prog_gnu_ld=yes
lt_cv_sharedlib_from_linklib_cmd='printf %s\n'
lt_cv_shlibpath_overrides_runpath=no
lt_cv_sys_global_symbol_pipe='sed -n -e '\''s/^.*[	 ]\([ABCDGIRSTW][ABCDGIRSTW]*\)[	 ][	 ]*\([_A-Za-z][_A-Za-z0-9]*\)$/\1 \2 \2/p'\'' | sed '\''/ __gnu_lto/d'\'''
lt_cv_sys_global_symbol_to_c_name_address='sed -n -e '\''s/^: \([^ ]*\)[ ]*$/  {\"\1\", (void *) 0},/p'\'' -e '\''s/^[ABCDGIRSTW]* \([^ ]*\) \([^ ]*\)$/  {"\2", (void *) \&\2},/p'\'''
lt_cv_sys_global_symbol_to_c_name_address_lib_prefix='sed -n -e '\''s/^: \([^ ]*\)[ ]*$/  {\"\1\", (void *) 0},/p'\'' -e '\''s/^[ABCDGIRSTW]* \([^ ]*\) \(lib[^ ]*\)$/  {"\2", (void *) \&\2},/p'\'' -e '\''s/^[ABCDGIRSTW]* \([^ ]*\) \([^ ]*\)$/  {"lib\2", (void *) \&\2},/p'\'''
lt_cv_sys_global_symbol_to_cdecl='sed -n -e '\''s/^T .* \(.*\)$/extern int \1();/p'\'' -e '\''s/^[ABCDGIRSTW]* .* \(.*\)$/extern char \1;/p'\'''
lt_cv_sys_max_cmd_len=1572864
lt_cv_to_host_file_cmd=func_convert_file_noop
lt_cv_to_tool_file_cmd=func_convert_file_noop

## ----------------- ##
## Output variables. ##
## ----------------- ##

ACLOCAL='${SHELL} /home/ftdchenwz/iptables-1.4.20/build-aux/missing --run aclocal-1.11'
AMDEPBACKSLASH='\'
AMDEP_FALSE='#'
AMDEP_TRUE=''
AMTAR='$${TAR-tar}'
AR='ar'
AUTOCONF='${SHELL} /home/ftdchenwz/iptables-1.4.20/build-aux/missing --run autoconf'
AUTOHEADER='${SHELL} /home/ftdchenwz/iptables-1.4.20/build-aux/missing --run autoheader'
AUTOMAKE='${SHELL} /home/ftdchenwz/iptables-1.4.20/build-aux/missing --run automake-1.11'
AWK='mawk'
CC='gcc'
CCDEPMODE='depmode=gcc3'
CFLAGS='-g -O2'
CPP='gcc -E'
CPPFLAGS=''
CYGPATH_W='echo'
DEFS='-DHAVE_CONFIG_H'
DEPDIR='.deps'
DLLTOOL='false'
DSYMUTIL=''
DUMPBIN=''
ECHO_C=''
ECHO_N='-n'
ECHO_T=''
EGREP='/bin/grep -E'
ENABLE_BPFC_FALSE=''
ENABLE_BPFC_TRUE='#'
ENABLE_DEVEL_FALSE='#'
ENABLE_DEVEL_TRUE=''
ENABLE_IPV4_FALSE='#'
ENABLE_IPV4_TRUE=''
ENABLE_IPV6_FALSE='#'
ENABLE_IPV6_TRUE=''
ENABLE_LARGEFILE_FALSE='#'
ENABLE_LARGEFILE_TRUE=''
ENABLE_LIBIPQ_FALSE=''
ENABLE_LIBIPQ_TRUE='#'
ENABLE_SHARED_FALSE='#'
ENABLE_SHARED_TRUE=''
ENABLE_STATIC_FALSE=''
ENABLE_STATIC_TRUE='#'
EXEEXT=''
FGREP='/bin/grep -F'
GREP='/bin/grep'
HAVE_LIBNETFILTER_CONNTRACK_FALSE=''
HAVE_LIBNETFILTER_CONNTRACK_TRUE='#'
HAVE_LIBNFNETLINK_FALSE=''
HAVE_LIBNFNETLINK_TRUE='#'
INSTALL_DATA='${INSTALL} -m 644'
INSTALL_PROGRAM='${INSTALL}'
INSTALL_SCRIPT='${INSTALL}'
INSTALL_STRIP_PROGRAM='$(install_sh) -c -s'
LD='/usr/bin/ld -m elf_x86_64'
LDFLAGS=''
LIBOBJS=''
LIBS=''
LIBTOOL='$(SHELL) $(top_builddir)/libtool'
LIPO=''
LN_S='ln -s'
LTLIBOBJS=''
MAKEINFO='${SHELL} /home/ftdchenwz/iptables-1.4.20/build-aux/missing --run makeinfo'
MANIFEST_TOOL=':'
MKDIR_P='/bin/mkdir -p'
NM='/usr/bin/nm -B'
NMEDIT=''
OBJDUMP='objdump'
OBJEXT='o'
OTOOL64=''
OTOOL=''
PACKAGE='iptables'
PACKAGE_BUGREPORT=''
PACKAGE_NAME='iptables'
PACKAGE_STRING='iptables 1.4.20'
PACKAGE_TARNAME='iptables'
PACKAGE_URL=''
PACKAGE_VERSION='1.4.20'
PATH_SEPARATOR=':'
PKG_CONFIG='/usr/bin/pkg-config'
PKG_CONFIG_LIBDIR=''
PKG_CONFIG_PATH=''
RANLIB='ranlib'
SED='/bin/sed'
SET_MAKE=''
SHELL='/bin/bash'
STRIP='strip'
VERSION='1.4.20'
ac_ct_AR='ar'
ac_ct_CC='gcc'
ac_ct_DUMPBIN=''
am__EXEEXT_FALSE=''
am__EXEEXT_TRUE='#'
am__fastdepCC_FALSE='#'
am__fastdepCC_TRUE=''
am__include='include'
am__isrc=''
am__leading_dot='.'
am__nodep='_no'
am__quote=''
am__tar='$${TAR-tar} chof - "$$tardir"'
am__untar='$${TAR-tar} xf -'
bindir='${exec_prefix}/bin'
blacklist_modules=' connlabel'
build='x86_64-unknown-linux-gnu'
build_alias=''
build_cpu='x86_64'
build_os='linux-gnu'
build_vendor='unknown'
datadir='${datarootdir}'
datarootdir='${prefix}/share'
docdir='${datarootdir}/doc/${PACKAGE_TARNAME}'
dvidir='${docdir}'
exec_prefix='${prefix}'
host='x86_64-unknown-linux-gnu'
host_alias=''
host_cpu='x86_64'
host_os='linux-gnu'
host_vendor='unknown'
htmldir='${docdir}'
includedir='${prefix}/include'
infodir='${datarootdir}/info'
install_sh='${SHELL} /home/ftdchenwz/iptables-1.4.20/build-aux/install-sh'
kbuilddir=''
kinclude_CPPFLAGS=''
ksourcedir=''
libdir='${exec_prefix}/lib'
libexecdir='${exec_prefix}/libexec'
libiptc_LDFLAGS2='-Wl,--no-as-needed'
libnetfilter_conntrack_CFLAGS=''
libnetfilter_conntrack_LIBS=''
libnfnetlink_CFLAGS=''
libnfnetlink_LIBS=''
libxtables_vage='0'
libxtables_vcurrent='10'
libxtables_vmajor='10'
localedir='${datarootdir}/locale'
localstatedir='${prefix}/var'
mandir='${datarootdir}/man'
mkdir_p='/bin/mkdir -p'
noundef_LDFLAGS='-Wl,--no-undefined'
oldincludedir='/usr/include'
pdfdir='${docdir}'
pkgconfigdir='${libdir}/pkgconfig'
pkgdatadir='${datadir}/xtables'
prefix='/usr/local'
program_transform_name='s,x,x,'
psdir='${docdir}'
regular_CFLAGS='-Wall -Waggregate-return -Wmissing-declarations 	-Wmissing-prototypes -Wredundant-decls -Wshadow -Wstrict-prototypes 	-Winline -pipe'
regular_CPPFLAGS='-D_LARGEFILE_SOURCE=1 -D_LARGE_FILES -D_FILE_OFFSET_BITS=64 -D_REENTRANT 	-DXTABLES_LIBDIR=\"${xtlibdir}\" -DXTABLES_INTERNAL'
sbindir='${exec_prefix}/sbin'
sharedstatedir='${prefix}/com'
sysconfdir='${prefix}/etc'
target_alias=''
xtlibdir='${exec_prefix}/lib/xtables'

## ----------- ##
## confdefs.h. ##
## ----------- ##

/* confdefs.h */
#define PACKAGE_NAME "iptables"
#define PACKAGE_TARNAME "iptables"
#define PACKAGE_VERSION "1.4.20"
#define PACKAGE_STRING "iptables 1.4.20"
#define PACKAGE_BUGREPORT ""
#define PACKAGE_URL ""
#define PACKAGE "iptables"
#define VERSION "1.4.20"
#define STDC_HEADERS 1
#define HAVE_SYS_TYPES_H 1
#define HAVE_SYS_STAT_H 1
#define HAVE_STDLIB_H 1
#define HAVE_STRING_H 1
#define HAVE_MEMORY_H 1
#define HAVE_STRINGS_H 1
#define HAVE_INTTYPES_H 1
#define HAVE_STDINT_H 1
#define HAVE_UNISTD_H 1
#define HAVE_DLFCN_H 1
#define LT_OBJDIR ".libs/"
#define HAVE_LINUX_DCCP_H 1
#define HAVE_LINUX_IP_VS_H 1
#define HAVE_LINUX_MAGIC_H 1
#define SIZEOF_STRUCT_IP6_HDR 40

configure: exit 0
